<?xml version="1.0" encoding="UTF-8"?>
<testsuite xmlns:xsi="http://www.w3.org/2001/XMLSchema-instance" xsi:noNamespaceSchemaLocation="https://maven.apache.org/surefire/maven-surefire-plugin/xsd/surefire-test-report.xsd" name="org.apache.maven.resolver.internal.ant.SettingsTest" time="0.311" tests="4" errors="0" skipped="0" failures="0">
  <properties>
[...]
</properties>
  <testcase name="testGlobalSettings" classname="org.apache.maven.resolver.internal.ant.SettingsTest" time="0.061"/>
  <testcase name="testBothSettings" classname="org.apache.maven.resolver.internal.ant.SettingsTest" time="0.077"/>
  <testcase name="testFallback" classname="org.apache.maven.resolver.internal.ant.SettingsTest" time="0.084"/>
  <testcase name="testUserSettings" classname="org.apache.maven.resolver.internal.ant.SettingsTest" time="0.082"/>
</testsuite>